alabaster==0.7.16
attrs==25.4.0
Automat==25.4.16
babel==2.18.0
certifi==2026.2.25
charset-normalizer==3.4.4
click==8.1.8
cmake==4.2.1
colorama==0.4.6
constantly==23.10.4
docutils==0.21.2
hyperlink==21.0.0
idna==3.11
imagesize==1.4.1
importlib_metadata==8.7.1
Incremental==24.11.0
Jinja2==3.1.6
MarkupSafe==3.0.3
numpy==2.0.2
packaging==26.0
pandas==2.3.3
psutil==7.2.2
pycryptodome==3.23.0
Pygments==2.19.2
python-dateutil==2.9.0.post0
pytz==2025.2
requests==2.32.5
ruamel.yaml==0.19.1
six==1.17.0
snowballstemmer==3.0.1
Sphinx==7.4.7
sphinx_rtd_theme==3.1.0
sphinxcontrib-applehelp==2.0.0
sphinxcontrib-devhelp==2.0.0
sphinxcontrib-htmlhelp==2.1.0
sphinxcontrib-jquery==4.1
sphinxcontrib-jsmath==1.0.1
sphinxcontrib-qthelp==2.0.0
sphinxcontrib-serializinghtml==2.0.0
tomli==2.4.0
Twisted==25.5.0
typing_extensions==4.15.0
tzdata==2025.3
tzlocal==5.3.1
urllib3==2.6.3
zipp==3.23.0
zope.interface==8.0.1
