alabaster==1.0.0
attrs==25.4.0
Automat==25.4.16
babel==2.18.0
certifi==2026.2.25
charset-normalizer==3.4.4
click==8.3.1
cmake==4.2.1
colorama==0.4.6
constantly==23.10.4
docutils==0.22.4
hyperlink==21.0.0
idna==3.11
imagesize==1.4.1
Incremental==24.11.0
Jinja2==3.1.6
MarkupSafe==3.0.3
numpy==2.4.2
packaging==26.0
pandas==3.0.1
psutil==7.2.2
pycryptodome==3.23.0
Pygments==2.19.2
python-dateutil==2.9.0.post0
requests==2.32.5
roman-numerals==4.1.0
ruamel.yaml==0.19.1
six==1.17.0
snowballstemmer==3.0.1
Sphinx==9.1.0
sphinx_rtd_theme==3.1.0
sphinxcontrib-applehelp==2.0.0
sphinxcontrib-devhelp==2.0.0
sphinxcontrib-htmlhelp==2.1.0
sphinxcontrib-jquery==4.1
sphinxcontrib-jsmath==1.0.1
sphinxcontrib-qthelp==2.0.0
sphinxcontrib-serializinghtml==2.0.0
Twisted==25.5.0
typing_extensions==4.15.0
tzdata==2025.3
tzlocal==5.3.1
urllib3==2.6.3
wheel==0.46.3
zope.interface==8.2
